Build started 6/11/2015 8:16:04 PM.
     1>Project "E:\lithography\lithocontrol\lithocontrol\lithocontrol.vcxproj" on node 2 (build target(s)).
     1>InitializeBuildStatus:
         Creating "Debug\lithocontrol.unsuccessfulbuild" because "AlwaysCreate" was specified.
       ClCompile:
         C:\Program Files\Microsoft Visual Studio 10.0\VC\bin\CL.exe /c /ZI /nologo /W3 /WX- /Od /Oy- /D WIN32 /D _DEBUG /D _WINDOWS /D _USRDLL /D LITHOCONTROL_EXPORTS /D _WINDLL /Gm /EHsc /RTC1 /MDd /GS /fp:precise /Zc:wchar_t /Zc:forScope /Fo"Debug\\" /Fd"Debug\vc100.pdb" /Gd /TP /analyze- /errorReport:prompt keithley.cpp
         keithley.cpp
     1>e:\lithography\lithocontrol\lithocontrol\keithley.cpp(11): warning C4005: 'ARRAYSIZE' : macro redefinition
                 c:\program files\microsoft sdks\windows\v7.0a\include\winnt.h(1140) : see previous definition of 'ARRAYSIZE'
       ManifestResourceCompile:
         All outputs are up-to-date.
       Link:
         C:\Program Files\Microsoft Visual Studio 10.0\VC\bin\link.exe /ERRORREPORT:PROMPT /OUT:"E:\lithography\lithocontrol\Debug\lithocontrol.dll" /INCREMENTAL /NOLOGO /LIBPATH:D:\INCLUDE kernel32.lib user32.lib gdi32.lib winspool.lib comdlg32.lib advapi32.lib shell32.lib ole32.lib oleaut32.lib uuid.lib odbc32.lib odbccp32.lib kernel32.lib user32.lib gdi32.lib winspool.lib comdlg32.lib advapi32.lib shell32.lib ole32.lib oleaut32.lib uuid.lib odbc32.lib odbccp32.lib Z.lib ws2_32.lib /MANIFEST /ManifestFile:"Debug\lithocontrol.dll.intermediate.manifest" /MANIFESTUAC:"level='asInvoker' uiAccess='false'" /DEBUG /PDB:"E:\lithography\lithocontrol\Debug\lithocontrol.pdb" /SUBSYSTEM:WINDOWS /TLBID:1 /DYNAMICBASE /NXCOMPAT /IMPLIB:"E:\lithography\lithocontrol\Debug\lithocontrol.lib" /MACHINE:X86 /DLL Debug\lithocontrol.dll.embed.manifest.res
         Debug\Server.obj
         Debug\winsock.obj
         Debug\keithley.obj
         "C:\Program Files\National Instruments\Shared\ExternalCompilerSupport\C\lib32\msvc\gpib-32.obj"
            Creating library E:\lithography\lithocontrol\Debug\lithocontrol.lib and object E:\lithography\lithocontrol\Debug\lithocontrol.exp
       Manifest:
         C:\Program Files\Microsoft SDKs\Windows\v7.0A\bin\mt.exe /nologo /verbose /out:"Debug\lithocontrol.dll.embed.manifest" /manifest Debug\lithocontrol.dll.intermediate.manifest
         All outputs are up-to-date.
       LinkEmbedManifest:
         All outputs are up-to-date.
         lithocontrol.vcxproj -> E:\lithography\lithocontrol\Debug\lithocontrol.dll
       FinalizeBuildStatus:
         Deleting file "Debug\lithocontrol.unsuccessfulbuild".
         Touching "Debug\lithocontrol.lastbuildstate".
     1>Done Building Project "E:\lithography\lithocontrol\lithocontrol\lithocontrol.vcxproj" (build target(s)).

Build succeeded.

Time Elapsed 00:00:06.62
